<?xml version="1.0" encoding="UTF-8"?>
<!-- Generated by org.testng.reporters.JUnitReportReporter -->
<testsuite hostname="DESKTOP-L0O1I67" failures="0" tests="1" name="maven.Chrome" time="29.413" errors="0" timestamp="2022-02-27T23:53:23 IST" skipped="0">
  <testcase classname="maven.Chrome" name="sample" time="29.413"/>
  <system-out/>
</testsuite> <!-- maven.Chrome -->
