<?xml version="1.0" encoding="UTF-8"?>
<!-- Generated by org.testng.reporters.JUnitReportReporter -->
<testsuite hostname="DESKTOP-L0O1I67" failures="0" tests="1" name="maven.Chrome" time="13.317" errors="0" timestamp="27 Feb 2022 18:27:08 GMT">
  <testcase classname="maven.Chrome" name="sample" time="13.317"/>
</testsuite> <!-- maven.Chrome -->
